WARNING:werkzeug: * Debugger is active!
INFO:werkzeug: * Debugger PIN: 646-267-909
INFO:werkzeug: * Detected change in 'D:\\CodeD\\UPWORKS\\Document_Extraction\\api.py', reloading
WARNING:werkzeug: * Debugger is active!
INFO:werkzeug: * Debugger PIN: 646-267-909
ERROR:root:Error: 'str' object does not support item assignment
INFO:werkzeug:127.0.0.1 - - [11/Sep/2024 01:01:46] "[35m[1mPOST /v1/api/extraction HTTP/1.1[0m" 500 -
INFO:werkzeug: * Detected change in 'D:\\CodeD\\UPWORKS\\Document_Extraction\\api.py', reloading
INFO:werkzeug:[31m[1mWARNING: This is a development server. Do not use it in a production deployment. Use a production WSGI server instead.[0m
 * Running on all addresses (0.0.0.0)
 * Running on http://127.0.0.1:3008
 * Running on http://192.168.1.10:3008
INFO:werkzeug:[33mPress CTRL+C to quit[0m
INFO:werkzeug: * Restarting with stat
WARNING:werkzeug: * Debugger is active!
INFO:werkzeug: * Debugger PIN: 646-267-909
ERROR:root:Error: 'str' object does not support item assignment
INFO:werkzeug:127.0.0.1 - - [11/Sep/2024 01:02:41] "[35m[1mPOST /v1/api/extraction HTTP/1.1[0m" 500 -
INFO:werkzeug: * Detected change in 'D:\\CodeD\\UPWORKS\\Document_Extraction\\type_documents\\image_extraction.py', reloading
INFO:werkzeug: * Restarting with stat
WARNING:werkzeug: * Debugger is active!
INFO:werkzeug: * Debugger PIN: 646-267-909
INFO:werkzeug: * Detected change in 'D:\\CodeD\\UPWORKS\\Document_Extraction\\type_documents\\image_extraction.py', reloading
INFO:werkzeug: * Restarting with stat
WARNING:werkzeug: * Debugger is active!
INFO:werkzeug: * Debugger PIN: 646-267-909
ERROR:root:Error: 'str' object does not support item assignment
INFO:werkzeug:127.0.0.1 - - [11/Sep/2024 01:04:25] "[35m[1mPOST /v1/api/extraction HTTP/1.1[0m" 500 -
INFO:werkzeug: * Detected change in 'D:\\CodeD\\UPWORKS\\Document_Extraction\\type_documents\\image_extraction.py', reloading
INFO:werkzeug: * Restarting with stat
WARNING:werkzeug: * Debugger is active!
INFO:werkzeug: * Debugger PIN: 646-267-909
INFO:werkzeug: * Detected change in 'D:\\CodeD\\UPWORKS\\Document_Extraction\\type_documents\\image_extraction.py', reloading
INFO:werkzeug: * Restarting with stat
WARNING:werkzeug: * Debugger is active!
INFO:werkzeug: * Debugger PIN: 646-267-909
ERROR:root:Error: 'str' object does not support item assignment
INFO:werkzeug:127.0.0.1 - - [11/Sep/2024 01:05:24] "[35m[1mPOST /v1/api/extraction HTTP/1.1[0m" 500 -
INFO:werkzeug: * Detected change in 'D:\\CodeD\\UPWORKS\\Document_Extraction\\type_documents\\image_extraction.py', reloading
INFO:werkzeug: * Restarting with stat
WARNING:werkzeug: * Debugger is active!
INFO:werkzeug: * Debugger PIN: 646-267-909
INFO:werkzeug: * Detected change in 'D:\\CodeD\\UPWORKS\\Document_Extraction\\type_documents\\image_extraction.py', reloading
INFO:werkzeug: * Restarting with stat
WARNING:werkzeug: * Debugger is active!
INFO:werkzeug: * Debugger PIN: 646-267-909
ERROR:root:Error: 'str' object does not support item assignment
INFO:werkzeug:127.0.0.1 - - [11/Sep/2024 01:06:38] "[35m[1mPOST /v1/api/extraction HTTP/1.1[0m" 500 -
INFO:werkzeug: * Detected change in 'D:\\CodeD\\UPWORKS\\Document_Extraction\\type_documents\\image_extraction.py', reloading
INFO:werkzeug: * Restarting with stat
WARNING:werkzeug: * Debugger is active!
INFO:werkzeug: * Debugger PIN: 646-267-909
ERROR:root:Error: 'str' object does not support item assignment
INFO:werkzeug:127.0.0.1 - - [11/Sep/2024 01:07:14] "[35m[1mPOST /v1/api/extraction HTTP/1.1[0m" 500 -
INFO:werkzeug: * Detected change in 'D:\\CodeD\\UPWORKS\\Document_Extraction\\type_documents\\image_extraction.py', reloading
INFO:werkzeug: * Restarting with stat
WARNING:werkzeug: * Debugger is active!
INFO:werkzeug: * Debugger PIN: 646-267-909
ERROR:root:Error: 'str' object does not support item assignment
INFO:werkzeug:127.0.0.1 - - [11/Sep/2024 01:09:17] "[35m[1mPOST /v1/api/extraction HTTP/1.1[0m" 500 -
INFO:werkzeug: * Detected change in 'D:\\CodeD\\UPWORKS\\Document_Extraction\\type_documents\\image_extraction.py', reloading
INFO:werkzeug: * Restarting with stat
WARNING:werkzeug: * Debugger is active!
INFO:werkzeug: * Debugger PIN: 646-267-909
ERROR:root:Error: 'str' object does not support item assignment
INFO:werkzeug:127.0.0.1 - - [11/Sep/2024 01:10:16] "[35m[1mPOST /v1/api/extraction HTTP/1.1[0m" 500 -
INFO:werkzeug:[31m[1mWARNING: This is a development server. Do not use it in a production deployment. Use a production WSGI server instead.[0m
 * Running on all addresses (0.0.0.0)
 * Running on http://127.0.0.1:3008
 * Running on http://192.168.1.10:3008
INFO:werkzeug:[33mPress CTRL+C to quit[0m
INFO:werkzeug: * Restarting with stat
WARNING:werkzeug: * Debugger is active!
INFO:werkzeug: * Debugger PIN: 646-267-909
INFO:werkzeug:127.0.0.1 - - [11/Sep/2024 01:13:11] "POST /v1/api/extraction HTTP/1.1" 200 -
INFO:werkzeug:[31m[1mWARNING: This is a development server. Do not use it in a production deployment. Use a production WSGI server instead.[0m
 * Running on all addresses (0.0.0.0)
 * Running on http://127.0.0.1:3008
 * Running on http://192.168.1.10:3008
INFO:werkzeug:[33mPress CTRL+C to quit[0m
INFO:werkzeug: * Restarting with stat
WARNING:werkzeug: * Debugger is active!
INFO:werkzeug: * Debugger PIN: 646-267-909
INFO:werkzeug:127.0.0.1 - - [11/Sep/2024 01:14:52] "POST /v1/api/extraction HTTP/1.1" 200 -
INFO:werkzeug:[31m[1mWARNING: This is a development server. Do not use it in a production deployment. Use a production WSGI server instead.[0m
 * Running on all addresses (0.0.0.0)
 * Running on http://127.0.0.1:3008
 * Running on http://192.168.1.10:3008
INFO:werkzeug:[33mPress CTRL+C to quit[0m
INFO:werkzeug: * Restarting with stat
WARNING:werkzeug: * Debugger is active!
INFO:werkzeug: * Debugger PIN: 646-267-909
ERROR:root:Error: 'str' object does not support item assignment
INFO:werkzeug:127.0.0.1 - - [11/Sep/2024 01:16:28] "[35m[1mPOST /v1/api/extraction HTTP/1.1[0m" 500 -
INFO:werkzeug: * Detected change in 'D:\\CodeD\\UPWORKS\\Document_Extraction\\type_documents\\excel_extraction.py', reloading
INFO:werkzeug: * Restarting with stat
WARNING:werkzeug: * Debugger is active!
INFO:werkzeug: * Debugger PIN: 646-267-909
ERROR:root:Error: 'str' object does not support item assignment
INFO:werkzeug:127.0.0.1 - - [11/Sep/2024 01:17:00] "[35m[1mPOST /v1/api/extraction HTTP/1.1[0m" 500 -
INFO:werkzeug: * Detected change in 'D:\\CodeD\\UPWORKS\\Document_Extraction\\type_documents\\excel_extraction.py', reloading
INFO:werkzeug: * Restarting with stat
WARNING:werkzeug: * Debugger is active!
INFO:werkzeug: * Debugger PIN: 646-267-909
INFO:werkzeug: * Detected change in 'D:\\CodeD\\UPWORKS\\Document_Extraction\\type_documents\\excel_extraction.py', reloading
INFO:werkzeug: * Restarting with stat
WARNING:werkzeug: * Debugger is active!
INFO:werkzeug: * Debugger PIN: 646-267-909
INFO:werkzeug: * Detected change in 'D:\\CodeD\\UPWORKS\\Document_Extraction\\type_documents\\excel_extraction.py', reloading
INFO:werkzeug: * Restarting with stat
WARNING:werkzeug: * Debugger is active!
INFO:werkzeug: * Debugger PIN: 646-267-909
ERROR:root:Error: 'str' object does not support item assignment
INFO:werkzeug:127.0.0.1 - - [11/Sep/2024 01:18:37] "[35m[1mPOST /v1/api/extraction HTTP/1.1[0m" 500 -
INFO:werkzeug: * Detected change in 'D:\\CodeD\\UPWORKS\\Document_Extraction\\type_documents\\excel_extraction.py', reloading
INFO:werkzeug: * Restarting with stat
WARNING:werkzeug: * Debugger is active!
INFO:werkzeug: * Debugger PIN: 646-267-909
ERROR:root:Error: 'str' object does not support item assignment
INFO:werkzeug:127.0.0.1 - - [11/Sep/2024 01:19:11] "[35m[1mPOST /v1/api/extraction HTTP/1.1[0m" 500 -
INFO:werkzeug:[31m[1mWARNING: This is a development server. Do not use it in a production deployment. Use a production WSGI server instead.[0m
 * Running on all addresses (0.0.0.0)
 * Running on http://127.0.0.1:3008
 * Running on http://192.168.1.10:3008
INFO:werkzeug:[33mPress CTRL+C to quit[0m
INFO:werkzeug: * Restarting with stat
WARNING:werkzeug: * Debugger is active!
INFO:werkzeug: * Debugger PIN: 646-267-909
INFO:werkzeug: * Detected change in 'D:\\CodeD\\UPWORKS\\Document_Extraction\\type_documents\\image_extraction.py', reloading
INFO:werkzeug: * Restarting with stat
WARNING:werkzeug: * Debugger is active!
INFO:werkzeug: * Debugger PIN: 646-267-909
ERROR:root:Error: 'str' object does not support item assignment
INFO:werkzeug:127.0.0.1 - - [11/Sep/2024 01:23:36] "[35m[1mPOST /v1/api/extraction HTTP/1.1[0m" 500 -
INFO:werkzeug: * Detected change in 'D:\\CodeD\\UPWORKS\\Document_Extraction\\type_documents\\image_extraction.py', reloading
INFO:werkzeug: * Restarting with stat
WARNING:werkzeug: * Debugger is active!
INFO:werkzeug: * Debugger PIN: 646-267-909
ERROR:root:Error: 'str' object does not support item assignment
INFO:werkzeug:127.0.0.1 - - [11/Sep/2024 01:23:59] "[35m[1mPOST /v1/api/extraction HTTP/1.1[0m" 500 -
INFO:werkzeug: * Detected change in 'D:\\CodeD\\UPWORKS\\Document_Extraction\\type_documents\\image_extraction.py', reloading
INFO:werkzeug: * Restarting with stat
WARNING:werkzeug: * Debugger is active!
INFO:werkzeug: * Debugger PIN: 646-267-909
INFO:werkzeug: * Detected change in 'D:\\CodeD\\UPWORKS\\Document_Extraction\\type_documents\\image_extraction.py', reloading
INFO:werkzeug: * Restarting with stat
WARNING:werkzeug: * Debugger is active!
INFO:werkzeug: * Debugger PIN: 646-267-909
INFO:werkzeug: * Detected change in 'D:\\CodeD\\UPWORKS\\Document_Extraction\\type_documents\\pdf_extraction.py', reloading
INFO:werkzeug: * Restarting with stat
WARNING:werkzeug: * Debugger is active!
INFO:werkzeug: * Debugger PIN: 646-267-909
ERROR:root:Error: 'str' object does not support item assignment
INFO:werkzeug:127.0.0.1 - - [11/Sep/2024 01:24:55] "[35m[1mPOST /v1/api/extraction HTTP/1.1[0m" 500 -
INFO:werkzeug: * Detected change in 'D:\\CodeD\\UPWORKS\\Document_Extraction\\type_documents\\pdf_extraction.py', reloading
INFO:werkzeug: * Restarting with stat
WARNING:werkzeug: * Debugger is active!
INFO:werkzeug: * Debugger PIN: 646-267-909
ERROR:root:Error: 'str' object does not support item assignment
INFO:werkzeug:127.0.0.1 - - [11/Sep/2024 01:25:17] "[35m[1mPOST /v1/api/extraction HTTP/1.1[0m" 500 -
INFO:werkzeug: * Detected change in 'D:\\CodeD\\UPWORKS\\Document_Extraction\\type_documents\\pdf_extraction.py', reloading
INFO:werkzeug: * Restarting with stat
WARNING:werkzeug: * Debugger is active!
INFO:werkzeug: * Debugger PIN: 646-267-909
ERROR:root:Error: 'str' object does not support item assignment
INFO:werkzeug:127.0.0.1 - - [11/Sep/2024 01:25:54] "[35m[1mPOST /v1/api/extraction HTTP/1.1[0m" 500 -
INFO:werkzeug: * Detected change in 'D:\\CodeD\\UPWORKS\\Document_Extraction\\type_documents\\pdf_extraction.py', reloading
INFO:werkzeug: * Restarting with stat
INFO:werkzeug:[31m[1mWARNING: This is a development server. Do not use it in a production deployment. Use a production WSGI server instead.[0m
 * Running on all addresses (0.0.0.0)
 * Running on http://127.0.0.1:3008
 * Running on http://192.168.1.10:3008
INFO:werkzeug:[33mPress CTRL+C to quit[0m
INFO:werkzeug: * Restarting with stat
WARNING:werkzeug: * Debugger is active!
INFO:werkzeug: * Debugger PIN: 646-267-909
ERROR:root:Error: 'str' object does not support item assignment
INFO:werkzeug:127.0.0.1 - - [11/Sep/2024 01:31:54] "[35m[1mPOST /v1/api/extraction HTTP/1.1[0m" 500 -
INFO:werkzeug: * Detected change in 'D:\\CodeD\\UPWORKS\\Document_Extraction\\type_documents\\pdf_extraction.py', reloading
INFO:werkzeug: * Restarting with stat
WARNING:werkzeug: * Debugger is active!
INFO:werkzeug: * Debugger PIN: 646-267-909
INFO:werkzeug: * Detected change in 'D:\\CodeD\\UPWORKS\\Document_Extraction\\type_documents\\pdf_extraction.py', reloading
INFO:werkzeug: * Restarting with stat
WARNING:werkzeug: * Debugger is active!
INFO:werkzeug: * Debugger PIN: 646-267-909
ERROR:root:Error: 'PDFProcessingError' object has no attribute 'message'
INFO:werkzeug:127.0.0.1 - - [11/Sep/2024 01:33:04] "[35m[1mPOST /v1/api/extraction HTTP/1.1[0m" 500 -
INFO:werkzeug: * Detected change in 'D:\\CodeD\\UPWORKS\\Document_Extraction\\type_documents\\pdf_extraction.py', reloading
INFO:werkzeug: * Restarting with stat
WARNING:werkzeug: * Debugger is active!
INFO:werkzeug: * Debugger PIN: 646-267-909
ERROR:root:Error: 'PDFProcessingError' object has no attribute 'message'
INFO:werkzeug:127.0.0.1 - - [11/Sep/2024 01:33:26] "[35m[1mPOST /v1/api/extraction HTTP/1.1[0m" 500 -
INFO:werkzeug: * Detected change in 'D:\\CodeD\\UPWORKS\\Document_Extraction\\type_documents\\pdf_extraction.py', reloading
INFO:werkzeug: * Restarting with stat
WARNING:werkzeug: * Debugger is active!
INFO:werkzeug: * Debugger PIN: 646-267-909
ERROR:root:Error: 'str' object does not support item assignment
INFO:werkzeug:127.0.0.1 - - [11/Sep/2024 01:34:07] "[35m[1mPOST /v1/api/extraction HTTP/1.1[0m" 500 -
INFO:werkzeug: * Detected change in 'D:\\CodeD\\UPWORKS\\Document_Extraction\\type_documents\\pdf_extraction.py', reloading
INFO:werkzeug: * Restarting with stat
WARNING:werkzeug: * Debugger is active!
INFO:werkzeug: * Debugger PIN: 646-267-909
ERROR:root:Error: 'str' object does not support item assignment
INFO:werkzeug:127.0.0.1 - - [11/Sep/2024 01:39:33] "[35m[1mPOST /v1/api/extraction HTTP/1.1[0m" 500 -
INFO:werkzeug: * Detected change in 'D:\\CodeD\\UPWORKS\\Document_Extraction\\type_documents\\pdf_extraction.py', reloading
INFO:werkzeug: * Restarting with stat
WARNING:werkzeug: * Debugger is active!
INFO:werkzeug: * Debugger PIN: 646-267-909
ERROR:root:Error: 'str' object does not support item assignment
INFO:werkzeug:127.0.0.1 - - [11/Sep/2024 01:40:54] "[35m[1mPOST /v1/api/extraction HTTP/1.1[0m" 500 -
INFO:werkzeug: * Detected change in 'D:\\CodeD\\UPWORKS\\Document_Extraction\\type_documents\\pdf_extraction.py', reloading
INFO:werkzeug: * Restarting with stat
WARNING:werkzeug: * Debugger is active!
INFO:werkzeug: * Debugger PIN: 646-267-909
INFO:werkzeug: * Detected change in 'D:\\CodeD\\UPWORKS\\Document_Extraction\\type_documents\\pdf_extraction.py', reloading
INFO:werkzeug: * Restarting with stat
WARNING:werkzeug: * Debugger is active!
INFO:werkzeug: * Debugger PIN: 646-267-909
ERROR:root:Error: 'str' object does not support item assignment
INFO:werkzeug:127.0.0.1 - - [11/Sep/2024 01:47:48] "[35m[1mPOST /v1/api/extraction HTTP/1.1[0m" 500 -
INFO:werkzeug: * Detected change in 'D:\\CodeD\\UPWORKS\\Document_Extraction\\type_documents\\pdf_extraction.py', reloading
INFO:werkzeug: * Restarting with stat
WARNING:werkzeug: * Debugger is active!
INFO:werkzeug: * Debugger PIN: 646-267-909
ERROR:root:Error: 'str' object does not support item assignment
INFO:werkzeug:127.0.0.1 - - [11/Sep/2024 01:48:25] "[35m[1mPOST /v1/api/extraction HTTP/1.1[0m" 500 -
INFO:werkzeug: * Detected change in 'D:\\CodeD\\UPWORKS\\Document_Extraction\\type_documents\\pdf_extraction.py', reloading
INFO:werkzeug: * Restarting with stat
WARNING:werkzeug: * Debugger is active!
INFO:werkzeug: * Debugger PIN: 646-267-909
INFO:werkzeug: * Detected change in 'D:\\CodeD\\UPWORKS\\Document_Extraction\\type_documents\\pdf_extraction.py', reloading
INFO:werkzeug: * Restarting with stat
WARNING:werkzeug: * Debugger is active!
INFO:werkzeug: * Debugger PIN: 646-267-909
INFO:werkzeug:127.0.0.1 - - [11/Sep/2024 01:51:01] "POST /v1/api/extraction HTTP/1.1" 200 -
